2024-08-03 06:25:13.999 INFO  (main) [c: s: r: x: t:] o.e.j.s.Server jetty-10.0.20; built: 2024-01-29T20:46:45.278Z; git: 3a745c71c23682146f262b99f4ddc4c1bc41630c; jvm 17.0.12+7
2024-08-03 06:25:14.211 WARN  (main) [c: s: r: x: t:] o.e.j.u.DeprecationWarning Using @Deprecated Class org.eclipse.jetty.servlet.listener.ELContextCleaner
2024-08-03 06:25:14.234 INFO  (main) [c: s: r: x: t:] o.a.s.s.CoreContainerProvider Using logger factory org.apache.logging.slf4j.Log4jLoggerFactory
2024-08-03 06:25:14.243 INFO  (main) [c: s: r: x: t:] o.a.s.s.CoreContainerProvider  ___      _       Welcome to Apache Solr™ version 9.6.1
2024-08-03 06:25:14.243 INFO  (main) [c: s: r: x: t:] o.a.s.s.CoreContainerProvider / __| ___| |_ _   Starting in standalone mode on port 8983
2024-08-03 06:25:14.243 INFO  (main) [c: s: r: x: t:] o.a.s.s.CoreContainerProvider \__ \/ _ \ | '_|  Install dir: /opt/solr-9.6.1
2024-08-03 06:25:14.243 INFO  (main) [c: s: r: x: t:] o.a.s.s.CoreContainerProvider |___/\___/_|_|    Start time: 2024-08-03T06:25:14.243477927Z
2024-08-03 06:25:14.245 INFO  (main) [c: s: r: x: t:] o.a.s.s.CoreContainerProvider Solr started with "-XX:+CrashOnOutOfMemoryError" that will crash on any OutOfMemoryError exception. The cause of the OOME will be logged in the crash file at the following path: /var/solr/logs/jvm_crash_12.log
2024-08-03 06:25:14.260 INFO  (main) [c: s: r: x: t:] o.a.s.s.CoreContainerProvider Solr Home: /var/solr/data (source: system property: solr.solr.home)
2024-08-03 06:25:14.271 INFO  (main) [c: s: r: x: t:] o.a.s.c.SolrXmlConfig solr.xml not found in SOLR_HOME, using built-in default
2024-08-03 06:25:14.271 INFO  (main) [c: s: r: x: t:] o.a.s.c.SolrXmlConfig Loading solr.xml from /opt/solr-9.6.1/server/solr/solr.xml
2024-08-03 06:25:14.292 INFO  (main) [c: s: r: x: t:] o.a.s.c.SolrResourceLoader Added 1 libs to classloader, from paths: [/opt/solr-9.6.1/lib]
2024-08-03 06:25:15.033 INFO  (main) [c: s: r: x: t:] o.a.s.u.t.SimplePropagator Always-on trace id generation enabled.
2024-08-03 06:25:15.196 WARN  (main) [c: s: r: x: t:] o.a.s.u.StartupLoggingUtils Jetty request logging enabled. Will retain logs for last 3 days. See chapter "Configuring Logging" in reference guide for how to configure.
2024-08-03 06:25:15.197 WARN  (main) [c: s: r: x: t:] o.a.s.c.CoreContainer Not all security plugins configured!  authentication=disabled authorization=disabled.  Solr is only as secure as you make it. Consider configuring authentication/authorization before exposing Solr to users internal or external.  See https://s.apache.org/solrsecurity for more info
2024-08-03 06:25:15.331 INFO  (main) [c: s: r: x: t:] o.a.s.c.CorePropertiesLocator Found 1 core definitions underneath /var/solr/data
2024-08-03 06:25:15.332 INFO  (main) [c: s: r: x: t:] o.a.s.c.CorePropertiesLocator Cores are: [books]
2024-08-03 06:25:15.362 INFO  (coreLoadExecutor-11-thread-1) [c: s: r: x:books t:] o.a.s.c.SolrConfig Using Lucene MatchVersion: 9.10.0
2024-08-03 06:25:15.445 INFO  (coreLoadExecutor-11-thread-1) [c: s: r: x:books t:] o.a.s.s.IndexSchema Schema name=default-config
2024-08-03 06:25:15.510 WARN  (main) [c: s: r: x: t:] o.g.j.m.i.MessagingBinders A class jakarta.activation.DataSource for a default provider MessageBodyWriter<jakarta.activation.DataSource> was not found. The provider is not available.
2024-08-03 06:25:15.699 INFO  (main) [c: s: r: x: t:] o.a.s.j.SolrRequestAuthorizer Creating a new SolrRequestAuthorizer
2024-08-03 06:25:15.703 INFO  (coreLoadExecutor-11-thread-1) [c: s: r: x:books t:] o.a.s.s.IndexSchema Loaded schema default-config/1.6 with uniqueid field id
2024-08-03 06:25:15.703 INFO  (coreLoadExecutor-11-thread-1) [c: s: r: x:books t:] o.a.s.c.CoreContainer Creating SolrCore 'books' using configuration from instancedir /var/solr/data/books, trusted=true
2024-08-03 06:25:15.733 INFO  (coreLoadExecutor-11-thread-1) [c: s: r: x:books t:] o.a.s.c.SolrCore Opening new SolrCore at [/var/solr/data/books], dataDir=[/var/solr/data/books/data/]
2024-08-03 06:25:15.782 INFO  (main) [c: s: r: x: t:] o.e.j.s.h.ContextHandler Started o.e.j.w.WebAppContext@21362712{solr-jetty-context.xml,/solr,file:///opt/solr-9.6.1/server/solr-webapp/webapp/,AVAILABLE}{/opt/solr-9.6.1/server/solr-webapp/webapp}
2024-08-03 06:25:15.792 INFO  (main) [c: s: r: x: t:] o.e.j.s.RequestLogWriter Opened /var/solr/logs/2024_08_03.request.log
2024-08-03 06:25:15.798 INFO  (main) [c: s: r: x: t:] o.e.j.s.AbstractConnector Started ServerConnector@666b83a4{HTTP/1.1, (http/1.1, h2c)}{0.0.0.0:8983}
2024-08-03 06:25:15.800 INFO  (main) [c: s: r: x: t:] o.e.j.s.Server Started Server@3e8f7922{STARTING}[10.0.20,sto=0] @2694ms
2024-08-03 06:25:16.156 INFO  (coreLoadExecutor-11-thread-1) [c: s: r: x:books t:] o.a.s.j.SolrRequestAuthorizer Creating a new SolrRequestAuthorizer
2024-08-03 06:25:16.171 INFO  (coreLoadExecutor-11-thread-1) [c: s: r: x:books t:] o.a.s.u.UpdateHandler Using UpdateLog implementation: org.apache.solr.update.UpdateLog
2024-08-03 06:25:16.171 INFO  (coreLoadExecutor-11-thread-1) [c: s: r: x:books t:] o.a.s.u.UpdateLog Initializing UpdateLog: dataDir= defaultSyncLevel=FLUSH numRecordsToKeep=100 maxNumLogsToKeep=10 numVersionBuckets=65536
2024-08-03 06:25:16.199 INFO  (coreLoadExecutor-11-thread-1) [c: s: r: x:books t:] o.a.s.u.CommitTracker Hard AutoCommit: if uncommitted for 15000ms; 
2024-08-03 06:25:16.199 INFO  (coreLoadExecutor-11-thread-1) [c: s: r: x:books t:] o.a.s.u.CommitTracker Soft AutoCommit: if uncommitted for 3000ms; 
2024-08-03 06:25:16.283 INFO  (coreLoadExecutor-11-thread-1) [c: s: r: x:books t:] o.a.s.r.ManagedResourceStorage File-based storage initialized to use dir: /var/solr/data/books/conf
2024-08-03 06:25:16.292 INFO  (coreLoadExecutor-11-thread-1) [c: s: r: x:books t:] o.a.s.s.DirectSolrSpellChecker init: {name=default, field=_text_, classname=solr.DirectSolrSpellChecker, distanceMeasure=internal, accuracy=0.5, maxQueryFrequency=0.01, maxEdits=2, minPrefix=1, maxInspections=5, minQueryLength=4}
2024-08-03 06:25:16.296 INFO  (coreLoadExecutor-11-thread-1) [c: s: r: x:books t:] o.a.s.h.ReplicationHandler Commits will be reserved for 10000 ms
2024-08-03 06:25:16.297 INFO  (searcherExecutor-13-thread-1-processing-books) [c: s: r: x:books t:] o.a.s.c.QuerySenderListener QuerySenderListener done.
2024-08-03 06:25:16.297 INFO  (searcherExecutor-13-thread-1-processing-books) [c: s: r: x:books t:] o.a.s.h.c.SpellCheckComponent Loading spell index for spellchecker: default
2024-08-03 06:25:16.300 INFO  (searcherExecutor-13-thread-1-processing-books) [c: s: r: x:books t:] o.a.s.c.SolrCore Registered new searcher autowarm time: 0 ms
2024-08-03 06:25:50.855 INFO  (qtp1415289182-25-null-1) [c: s: r: x:books t:null-1] o.a.s.c.S.Request webapp=/solr path=/select params={q=id:search&fl=description_vector&wt=json} hits=0 status=0 QTime=45
2024-08-03 06:25:58.057 INFO  (qtp1415289182-20-null-2) [c: s: r: x:books t:null-2] o.a.s.c.S.Request webapp=/solr path=/select params={q=title:プログラム+OR+description:プログラム&fl=id,title&rows=20&wt=json} hits=73 status=0 QTime=168
2024-08-03 06:25:59.494 INFO  (qtp1415289182-21-null-3) [c: s: r: x:books t:null-3] o.a.s.c.S.Request webapp=/solr path=/select params={q=title:プログラム+OR+description:プログラム&fl=id,title&rows=20&wt=json} hits=73 status=0 QTime=1
2024-08-03 06:30:51.503 INFO  (searcherExecutor-13-thread-2-processing-books null-4) [c: s: r: x:books t:null-4] o.a.s.c.QuerySenderListener QuerySenderListener done.
2024-08-03 06:30:51.509 INFO  (searcherExecutor-13-thread-2-processing-books null-4) [c: s: r: x:books t:null-4] o.a.s.c.SolrCore Registered new searcher autowarm time: 4 ms
2024-08-03 06:30:51.517 INFO  (qtp1415289182-27-null-4) [c: s: r: x:books t:null-4] o.a.s.u.p.LogUpdateProcessorFactory webapp=/solr path=/update params={commit=true}{add=[1 (1806346904406065152), 2 (1806346904489951232), 3 (1806346904495194112), 4 (1806346904499388416), 5 (1806346904502534144), 6 (1806346904505679872), 7 (1806346904508825600), 8 (1806346904510922752), 9 (1806346904514068480), 10 (1806346904517214208), ... (796 adds)], commit=} 0 2329
2024-08-03 06:30:56.046 INFO  (qtp1415289182-24-null-5) [c: s: r: x:books t:null-5] o.a.s.c.S.Request webapp=/solr path=/select params={q=title:プログラム+OR+description:プログラム&fl=id,title&rows=20&wt=json} hits=65 status=0 QTime=22
